<?xml version="1.0" encoding="UTF-8"?>
<!-- Generated by org.testng.reporters.JUnitReportReporter -->
<testsuite hostname="DESKTOP-B5QS82B" name="testCases.VerifyLoginPageWithReports" tests="1" failures="0" timestamp="12 Feb 2017 06:28:35 GMT" time="20.812" errors="0">
  <testcase name="testLoginPage" time="20.812" classname="testCases.VerifyLoginPageWithReports"/>
</testsuite> <!-- testCases.VerifyLoginPageWithReports -->
