<?xml version="1.0" encoding="UTF-8"?>
<!-- Generated by org.testng.reporters.JUnitReportReporter -->
<testsuite hostname="DESKTOP-B5QS82B" name="testCases.VerifyHomePage" tests="1" failures="0" timestamp="12 Feb 2017 06:19:47 GMT" time="12.778" errors="0">
  <testcase name="testHomePage" time="12.778" classname="testCases.VerifyHomePage"/>
</testsuite> <!-- testCases.VerifyHomePage -->
