<?xml version="1.0" encoding="UTF-8"?>
<!-- Generated by org.testng.reporters.JUnitReportReporter -->
<testsuite hostname="DESKTOP-B5QS82B" name="testCases.VerifyLoginPage" tests="1" failures="0" timestamp="12 Feb 2017 06:19:47 GMT" time="21.537" errors="0">
  <testcase name="testLoginPage" time="21.537" classname="testCases.VerifyLoginPage"/>
</testsuite> <!-- testCases.VerifyLoginPage -->
